2024-06-19T14:42:42  style: formatting
2024-07-02T09:59:49  chore: bump dev tooling
2024-08-08T16:16:56  docs: expand examples
2024-08-29T11:33:03  test: strengthen coverage
2024-09-11T18:50:10  chore: tune defaults
2024-10-02T13:07:17  refactor: simplify helper
2024-11-08T08:24:24  chore: routine maintenance
2024-11-29T15:41:31  docs: clarify usage notes
2025-01-05T10:58:38  test: add edge case
2025-01-26T17:15:45  refactor: tidy internals
2025-02-08T12:32:52  fix: handle empty input gracefully
2025-03-01T19:49:59  perf: micro-optimization
2025-04-07T14:06:06  style: formatting
2025-04-28T09:23:13  chore: bump dev tooling
2025-05-11T16:40:20  docs: expand examples
2025-06-25T11:57:27  test: strengthen coverage
2025-07-08T18:14:34  chore: tune defaults
2025-07-28T13:31:41  refactor: simplify helper
2025-09-04T08:48:48  chore: routine maintenance
2025-09-17T15:05:55  docs: clarify usage notes
2025-10-08T10:22:02  test: add edge case
2025-11-14T17:39:09  refactor: tidy internals
2025-12-05T12:56:16  fix: handle empty input gracefully
2025-12-18T19:13:23  perf: micro-optimization
2026-02-01T14:30:30  style: formatting
2026-02-14T09:47:37  chore: bump dev tooling
2026-03-07T16:04:44  docs: expand examples
2026-04-13T11:21:51  test: strengthen coverage
